Removed Pin From Net: NetName=PA0 Pin=P4-1
Removed Pin From Net: NetName=PA1 Pin=P4-2
Removed Pin From Net: NetName=PA2 Pin=P4-3
Removed Pin From Net: NetName=PA3 Pin=P4-4
Removed Pin From Net: NetName=PA4 Pin=P4-5
Removed Pin From Net: NetName=PA5 Pin=P4-6
Removed Pin From Net: NetName=PA6 Pin=P4-7
Removed Pin From Net: NetName=PA7 Pin=P4-8
Removed Pin From Net: NetName=PA8 Pin=P4-9
Removed Pin From Net: NetName=PA9 Pin=P4-10
Removed Pin From Net: NetName=PA10 Pin=P4-11
Removed Pin From Net: NetName=PA11 Pin=P4-12
Removed Pin From Net: NetName=PA12 Pin=P4-13
Removed Pin From Net: NetName=PB0 Pin=P5-1
Removed Pin From Net: NetName=PB1 Pin=P5-2
Removed Pin From Net: NetName=PB2 Pin=P5-3
Removed Pin From Net: NetName=PB3 Pin=P5-4
Removed Pin From Net: NetName=PB4 Pin=P5-5
Removed Pin From Net: NetName=PB5 Pin=P5-6
Removed Pin From Net: NetName=PB6 Pin=P5-7
Removed Pin From Net: NetName=PB7 Pin=P5-8
Removed Pin From Net: NetName=PB8 Pin=P5-9
Removed Pin From Net: NetName=PB9 Pin=P5-10
Removed Pin From Net: NetName=PB10 Pin=P5-11
Removed Pin From Net: NetName=PB11 Pin=P5-12
Removed Pin From Net: NetName=PB12 Pin=P5-13
Removed Pin From Net: NetName=PB13 Pin=P5-14
Removed Pin From Net: NetName=PB14 Pin=P5-15
Removed Pin From Net: NetName=PB15 Pin=P5-16
Removed Pin From Net: NetName=PA0 Pin=R4-2
Removed Pin From Net: NetName=PA0 Pin=R5-1
Removed Pin From Net: NetName=PA1 Pin=R6-2
Removed Pin From Net: NetName=PA1 Pin=R7-1
Removed Pin From Net: NetName=PA2 Pin=R8-2
Removed Pin From Net: NetName=PA2 Pin=R9-1
Removed Pin From Net: NetName=PA3 Pin=R10-2
Removed Pin From Net: NetName=PA3 Pin=R11-1
Removed Pin From Net: NetName=PA4 Pin=R12-2
Removed Pin From Net: NetName=PA4 Pin=R13-1
Removed Pin From Net: NetName=PA5 Pin=R14-2
Removed Pin From Net: NetName=PA5 Pin=R15-1
Removed Pin From Net: NetName=PA6 Pin=R16-2
Removed Pin From Net: NetName=PA6 Pin=R17-1
Removed Pin From Net: NetName=PA7 Pin=R18-2
Removed Pin From Net: NetName=PA7 Pin=R19-1
Removed Pin From Net: NetName=PA8 Pin=R20-2
Removed Pin From Net: NetName=PA8 Pin=R21-1
Removed Pin From Net: NetName=PA9 Pin=R22-2
Removed Pin From Net: NetName=PA9 Pin=R23-1
Removed Pin From Net: NetName=PA10 Pin=R24-2
Removed Pin From Net: NetName=PA10 Pin=R25-1
Removed Pin From Net: NetName=PA11 Pin=R26-2
Removed Pin From Net: NetName=PA11 Pin=R27-1
Removed Pin From Net: NetName=PA12 Pin=R28-2
Removed Pin From Net: NetName=PA12 Pin=R29-1
Removed Pin From Net: NetName=PB0 Pin=R32-2
Removed Pin From Net: NetName=PB0 Pin=R33-1
Removed Pin From Net: NetName=PB1 Pin=R34-2
Removed Pin From Net: NetName=PB1 Pin=R35-1
Removed Pin From Net: NetName=PB2 Pin=R36-2
Removed Pin From Net: NetName=PB2 Pin=R37-1
Removed Pin From Net: NetName=PB3 Pin=R38-2
Removed Pin From Net: NetName=PB3 Pin=R39-1
Removed Pin From Net: NetName=PB4 Pin=R40-2
Removed Pin From Net: NetName=PB4 Pin=R41-1
Removed Pin From Net: NetName=PB5 Pin=R42-2
Removed Pin From Net: NetName=PB5 Pin=R43-1
Removed Pin From Net: NetName=PB6 Pin=R44-2
Removed Pin From Net: NetName=PB6 Pin=R45-1
Removed Pin From Net: NetName=PB7 Pin=R46-2
Removed Pin From Net: NetName=PB7 Pin=R47-1
Removed Pin From Net: NetName=PB8 Pin=R48-2
Removed Pin From Net: NetName=PB8 Pin=R49-1
Removed Pin From Net: NetName=PB9 Pin=R50-2
Removed Pin From Net: NetName=PB9 Pin=R51-1
Removed Pin From Net: NetName=PB10 Pin=R52-2
Removed Pin From Net: NetName=PB10 Pin=R53-1
Removed Pin From Net: NetName=PB11 Pin=R54-2
Removed Pin From Net: NetName=PB11 Pin=R55-1
Removed Pin From Net: NetName=PB12 Pin=R56-2
Removed Pin From Net: NetName=PB12 Pin=R57-1
Removed Pin From Net: NetName=PB13 Pin=R58-2
Removed Pin From Net: NetName=PB13 Pin=R59-1
Removed Pin From Net: NetName=PB14 Pin=R60-2
Removed Pin From Net: NetName=PB14 Pin=R61-1
Removed Pin From Net: NetName=PB15 Pin=R62-2
Removed Pin From Net: NetName=PB15 Pin=R63-1
Added Pin To Net: NetName=NetR4_2 Pin=R4-2
Added Pin To Net: NetName=NetR4_2 Pin=R5-1
Added Net: Name=NetR4_2
Added Pin To Net: NetName=NetR6_2 Pin=R6-2
Added Pin To Net: NetName=NetR6_2 Pin=R7-1
Added Net: Name=NetR6_2
Added Pin To Net: NetName=NetR8_2 Pin=R8-2
Added Pin To Net: NetName=NetR8_2 Pin=R9-1
Added Net: Name=NetR8_2
Added Pin To Net: NetName=NetR10_2 Pin=R10-2
Added Pin To Net: NetName=NetR10_2 Pin=R11-1
Added Net: Name=NetR10_2
Added Pin To Net: NetName=NetR12_2 Pin=R12-2
Added Pin To Net: NetName=NetR12_2 Pin=R13-1
Added Net: Name=NetR12_2
Added Pin To Net: NetName=NetR14_2 Pin=R14-2
Added Pin To Net: NetName=NetR14_2 Pin=R15-1
Added Net: Name=NetR14_2
Added Pin To Net: NetName=NetR16_2 Pin=R16-2
Added Pin To Net: NetName=NetR16_2 Pin=R17-1
Added Net: Name=NetR16_2
Added Pin To Net: NetName=NetR18_2 Pin=R18-2
Added Pin To Net: NetName=NetR18_2 Pin=R19-1
Added Net: Name=NetR18_2
Added Pin To Net: NetName=NetR20_2 Pin=R20-2
Added Pin To Net: NetName=NetR20_2 Pin=R21-1
Added Net: Name=NetR20_2
Added Pin To Net: NetName=NetR22_2 Pin=R22-2
Added Pin To Net: NetName=NetR22_2 Pin=R23-1
Added Net: Name=NetR22_2
Added Pin To Net: NetName=NetR24_2 Pin=R24-2
Added Pin To Net: NetName=NetR24_2 Pin=R25-1
Added Net: Name=NetR24_2
Added Pin To Net: NetName=NetR26_2 Pin=R26-2
Added Pin To Net: NetName=NetR26_2 Pin=R27-1
Added Net: Name=NetR26_2
Added Pin To Net: NetName=NetR28_2 Pin=R28-2
Added Pin To Net: NetName=NetR28_2 Pin=R29-1
Added Net: Name=NetR28_2
Added Pin To Net: NetName=NetR30_2 Pin=R30-2
Added Pin To Net: NetName=NetR30_2 Pin=R31-1
Added Net: Name=NetR30_2
Added Pin To Net: NetName=NetR32_2 Pin=R32-2
Added Pin To Net: NetName=NetR32_2 Pin=R33-1
Added Net: Name=NetR32_2
Added Pin To Net: NetName=NetR34_2 Pin=R34-2
Added Pin To Net: NetName=NetR34_2 Pin=R35-1
Added Net: Name=NetR34_2
Added Pin To Net: NetName=NetR36_2 Pin=R36-2
Added Pin To Net: NetName=NetR36_2 Pin=R37-1
Added Net: Name=NetR36_2
Added Pin To Net: NetName=NetR38_2 Pin=R38-2
Added Pin To Net: NetName=NetR38_2 Pin=R39-1
Added Net: Name=NetR38_2
Added Pin To Net: NetName=NetR40_2 Pin=R40-2
Added Pin To Net: NetName=NetR40_2 Pin=R41-1
Added Net: Name=NetR40_2
Added Pin To Net: NetName=NetR42_2 Pin=R42-2
Added Pin To Net: NetName=NetR42_2 Pin=R43-1
Added Net: Name=NetR42_2
Added Pin To Net: NetName=NetR44_2 Pin=R44-2
Added Pin To Net: NetName=NetR44_2 Pin=R45-1
Added Net: Name=NetR44_2
Added Pin To Net: NetName=NetR46_2 Pin=R46-2
Added Pin To Net: NetName=NetR46_2 Pin=R47-1
Added Net: Name=NetR46_2
Added Pin To Net: NetName=NetR48_2 Pin=R48-2
Added Pin To Net: NetName=NetR48_2 Pin=R49-1
Added Net: Name=NetR48_2
Added Pin To Net: NetName=NetR50_2 Pin=R50-2
Added Pin To Net: NetName=NetR50_2 Pin=R51-1
Added Net: Name=NetR50_2
Added Pin To Net: NetName=NetR52_2 Pin=R52-2
Added Pin To Net: NetName=NetR52_2 Pin=R53-1
Added Net: Name=NetR52_2
Added Pin To Net: NetName=NetR54_2 Pin=R54-2
Added Pin To Net: NetName=NetR54_2 Pin=R55-1
Added Net: Name=NetR54_2
Added Pin To Net: NetName=NetR56_2 Pin=R56-2
Added Pin To Net: NetName=NetR56_2 Pin=R57-1
Added Net: Name=NetR56_2
Added Pin To Net: NetName=NetR58_2 Pin=R58-2
Added Pin To Net: NetName=NetR58_2 Pin=R59-1
Added Net: Name=NetR58_2
Added Pin To Net: NetName=NetR60_2 Pin=R60-2
Added Pin To Net: NetName=NetR60_2 Pin=R61-1
Added Net: Name=NetR60_2
Added Pin To Net: NetName=NetR62_2 Pin=R62-2
Added Pin To Net: NetName=NetR62_2 Pin=R63-1
Added Net: Name=NetR62_2
