Change Component DesignItemId : Designator=C8 Old DesignItemId=Cap Semi New DesignItemId=Cap Semi_1_1
Change Component DesignItemId : Designator=C4 Old DesignItemId=Cap Semi New DesignItemId=Cap Semi_4
Change Component DesignItemId : Designator=C5 Old DesignItemId=Cap Semi New DesignItemId=Cap Semi_5
Change Component DesignItemId : Designator=C6 Old DesignItemId=Cap Semi New DesignItemId=Cap Semi_6
Change Component DesignItemId : Designator=C7 Old DesignItemId=Cap Semi New DesignItemId=Cap Semi_6
Change Component Footprint: Designator=C4 Old Footprint=1608[0603] New Footprint=0402cap
Change Component Footprint: Designator=C8 Old Footprint=1608[0603] New Footprint=1608[0603]cap
Change Component Footprint: Designator=C5 Old Footprint=1608[0603] New Footprint=C1206tancap
Change Component Footprint: Designator=C6 Old Footprint=1608[0603] New Footprint=C1206tancap
Change Component Footprint: Designator=C7 Old Footprint=1608[0603] New Footprint=C1206tancap
Change Component Comment : Designator=C8 Old Comment=Cap Semi New Comment=Cap Semi_1
Change Component Comment : Designator=C4 Old Comment=Cap Semi New Comment=Cap Semi_4
Change Component Comment : Designator=C5 Old Comment=Cap Semi New Comment=tantalum cap
Change Component Comment : Designator=C6 Old Comment=Cap Semi New Comment=tantalum cap
Change Component Comment : Designator=C7 Old Comment=Cap Semi New Comment=tantalum cap
Change Component Library : Designator=C4 Old Library=Miscellaneous Devices.IntLib New Library=smartmcu(1).IntLib
Change Component Library : Designator=C5 Old Library=Miscellaneous Devices.IntLib New Library=smartmcu(1).IntLib
Change Component Library : Designator=C6 Old Library=Miscellaneous Devices.IntLib New Library=smartmcu(1).IntLib
Change Component Library : Designator=C7 Old Library=Miscellaneous Devices.IntLib New Library=smartmcu(1).IntLib
Change Component Library : Designator=C8 Old Library=Miscellaneous Devices.IntLib New Library=smartmcu(1).IntLib
Change component parameters: Designator = "C4" ("C4"); Footprint = "1608[0603]"; UniqueID = "\IAIBDDIW" ("\IAIBDDIW")
Change component parameters (AddParameter): Name = "LatestRevisionDate"; Value = "29-May-2009"; VariantName = "[No Variations]"
Change component parameters (AddParameter): Name = "LatestRevisionNote"; Value = "IPC-7351 Footprint Added."; VariantName = "[No Variations]"
Change component parameters (AddParameter): Name = "PackageDescription"; Value = "Chip Capacitor"; VariantName = "[No Variations]"
Change component parameters (AddParameter): Name = "PackageReference"; Value = "C1206"; VariantName = "[No Variations]"
Change component parameters (AddParameter): Name = "Published"; Value = "8-Jun-2000"; VariantName = "[No Variations]"
Change component parameters (AddParameter): Name = "Publisher"; Value = "Altium Limited"; VariantName = "[No Variations]"
Change component parameters (AddParameter): Name = "Value"; Value = "100nF"; VariantName = "[No Variations]"
Change component parameters: Designator = "C5" ("C5"); Footprint = "1608[0603]"; UniqueID = "\TWUXQJPA" ("\TWUXQJPA")
Change component parameters (AddParameter): Name = "LatestRevisionDate"; Value = "29-May-2009"; VariantName = "[No Variations]"
Change component parameters (AddParameter): Name = "LatestRevisionNote"; Value = "IPC-7351 Footprint Added."; VariantName = "[No Variations]"
Change component parameters (AddParameter): Name = "PackageDescription"; Value = "Chip Capacitor"; VariantName = "[No Variations]"
Change component parameters (AddParameter): Name = "PackageReference"; Value = "C1206"; VariantName = "[No Variations]"
Change component parameters (AddParameter): Name = "Published"; Value = "8-Jun-2000"; VariantName = "[No Variations]"
Change component parameters (AddParameter): Name = "Publisher"; Value = "Altium Limited"; VariantName = "[No Variations]"
Change component parameters (AddParameter): Name = "Value"; Value = "100nF"; VariantName = "[No Variations]"
Change component parameters: Designator = "C6" ("C6"); Footprint = "1608[0603]"; UniqueID = "\EITLAFFE" ("\EITLAFFE")
Change component parameters (AddParameter): Name = "LatestRevisionDate"; Value = "29-May-2009"; VariantName = "[No Variations]"
Change component parameters (AddParameter): Name = "LatestRevisionNote"; Value = "IPC-7351 Footprint Added."; VariantName = "[No Variations]"
Change component parameters (AddParameter): Name = "PackageDescription"; Value = "Chip Capacitor"; VariantName = "[No Variations]"
Change component parameters (AddParameter): Name = "PackageReference"; Value = "C1206"; VariantName = "[No Variations]"
Change component parameters (AddParameter): Name = "Published"; Value = "8-Jun-2000"; VariantName = "[No Variations]"
Change component parameters (AddParameter): Name = "Publisher"; Value = "Altium Limited"; VariantName = "[No Variations]"
Change component parameters (AddParameter): Name = "Value"; Value = "100nF"; VariantName = "[No Variations]"
Change component parameters: Designator = "C7" ("C7"); Footprint = "1608[0603]"; UniqueID = "\BLUELAXX" ("\BLUELAXX")
Change component parameters (AddParameter): Name = "LatestRevisionDate"; Value = "29-May-2009"; VariantName = "[No Variations]"
Change component parameters (AddParameter): Name = "LatestRevisionNote"; Value = "IPC-7351 Footprint Added."; VariantName = "[No Variations]"
Change component parameters (AddParameter): Name = "PackageDescription"; Value = "Chip Capacitor"; VariantName = "[No Variations]"
Change component parameters (AddParameter): Name = "PackageReference"; Value = "C1206"; VariantName = "[No Variations]"
Change component parameters (AddParameter): Name = "Published"; Value = "8-Jun-2000"; VariantName = "[No Variations]"
Change component parameters (AddParameter): Name = "Publisher"; Value = "Altium Limited"; VariantName = "[No Variations]"
Change component parameters (AddParameter): Name = "Value"; Value = "100nF"; VariantName = "[No Variations]"
